<?xml version="1.0" encoding="UTF-8"?>
<!-- Generated by org.testng.reporters.JUnitReportReporter -->
<testsuite hostname="QT-INBG-LT0670" failures="0" tests="1" name="Home_Page" time="47.712" errors="0" timestamp="2022-09-16T19:06:28 IST" skipped="0">
  <testcase classname="Home_Page" name="homepage" time="47.712"/>
  <system-out/>
</testsuite> <!-- Home_Page -->
