<?xml version="1.0" encoding="UTF-8"?>
<!-- Generated by org.testng.reporters.JUnitReportReporter -->
<testsuite hostname="QT-INBG-LT0670" failures="0" tests="1" name="project.SIGNUP" time="22.393" errors="0" timestamp="2022-09-19T10:20:31 IST" skipped="0">
  <testcase classname="project.SIGNUP" name="signup" time="22.393"/>
  <system-out/>
</testsuite> <!-- project.SIGNUP -->
