<?xml version="1.0" encoding="UTF-8"?>
<!-- Generated by org.testng.reporters.JUnitReportReporter -->
<testsuite hostname="QT-INBG-LT0670" failures="0" tests="1" name="project.sign_in" time="12.544" errors="0" timestamp="2022-09-19T10:19:28 IST" skipped="0">
  <testcase classname="project.sign_in" name="signin" time="12.544"/>
  <system-out/>
</testsuite> <!-- project.sign_in -->
