<?xml version="1.0" encoding="UTF-8"?>
<!-- Generated by org.testng.reporters.JUnitReportReporter -->
<testsuite hostname="QT-INBG-LT0670" failures="0" tests="1" name="sign_in" time="11.398" errors="0" timestamp="2022-09-16T19:05:25 IST" skipped="0">
  <testcase classname="sign_in" name="signin" time="11.398"/>
  <system-out/>
</testsuite> <!-- sign_in -->
