<?xml version="1.0" encoding="UTF-8"?>
<!-- Generated by org.testng.reporters.JUnitReportReporter -->
<testsuite hostname="QT-INBG-LT0670" failures="0" tests="1" name="SIGNUP" time="23.717" errors="0" timestamp="2022-09-16T19:04:59 IST" skipped="0">
  <testcase classname="SIGNUP" name="signup" time="23.717"/>
  <system-out/>
</testsuite> <!-- SIGNUP -->
