<?xml version="1.0" encoding="UTF-8"?>
<!-- Generated by org.testng.reporters.JUnitReportReporter -->
<testsuite hostname="QT-INBG-LT0670" failures="0" tests="1" name="project.Home_Page" time="49.306" errors="0" timestamp="2022-09-19T11:11:32 IST" skipped="0">
  <testcase classname="project.Home_Page" name="homepage" time="49.306"/>
  <system-out/>
</testsuite> <!-- project.Home_Page -->
